<?xml version="1.0" encoding="UTF-8"?>
<!-- Generated by org.testng.reporters.JUnitReportReporter -->
<testsuite skipped="0" hostname="AIPLLTH311" name="com.DriverFactory.App_Test" tests="1" failures="0" timestamp="04 Jan 2021 12:49:10 GMT" time="815.477" errors="0">
  <testcase name="kickStart" time="815.477" classname="com.DriverFactory.App_Test"/>
</testsuite> <!-- com.DriverFactory.App_Test -->
